<?xml version="1.0" encoding="UTF-8"?>
<!-- Generated by org.testng.reporters.JUnitXMLReporter -->
<testsuite ignored="3" hostname="Ankush" failures="0" tests="2" name="Groupingtest" time="0.083" errors="0" timestamp="13 Sep 2025 16:16:13 GMT">
  <testcase classname="Test.day2" name="Apple" time="0.012"/>
  <testcase classname="Test.day2" name="Banana" time="0.022"/>
  <testcase classname="Test.day2" name="test2" time="0.0">
    <ignored/>
  </testcase> <!-- test2 -->
  <testcase classname="Test.day2" name="test5" time="0.0">
    <ignored/>
  </testcase> <!-- test5 -->
  <testcase classname="Test.day2" name="test4" time="0.0">
    <ignored/>
  </testcase> <!-- test4 -->
</testsuite> <!-- Groupingtest -->
