<?xml version="1.0" encoding="UTF-8"?>
<!-- Generated by org.testng.reporters.JUnitXMLReporter -->
<testsuite ignored="1" hostname="Ankush" failures="0" tests="2" name="regressiontest" time="0.068" errors="0" timestamp="11 Sep 2025 16:54:19 GMT">
  <testcase classname="Test.day1" name="demoSch" time="0.012"/>
  <testcase classname="Test.day1" name="m1" time="0.006"/>
  <testcase classname="Test.day1" name="testmethod1" time="0.0">
    <ignored/>
  </testcase> <!-- testmethod1 -->
</testsuite> <!-- regressiontest -->
