<?xml version="1.0" encoding="UTF-8"?>
<!-- Generated by org.testng.reporters.JUnitXMLReporter -->
<testsuite ignored="0" hostname="Ankush" failures="1" tests="3" name="Test" time="0.054" errors="0" timestamp="14 Sep 2025 08:21:58 GMT">
  <testcase classname="listeners.ListenerTest" name="Test1" time="0.011"/>
  <testcase classname="listeners.ListenerTest" name="Test2" time="0.004">
    <failure type="java.lang.AssertionError" message="expected [B] but found [A]">
      <![CDATA[java.lang.AssertionError: expected [B] but found [A]
at listeners.ListenerTest.Test2(ListenerTest.java:19)
... Removed 31 stack frames]]>
    </failure>
  </testcase> <!-- Test2 -->
  <testcase classname="listeners.ListenerTest" name="Test3" time="0.003">
    <skipped/>
  </testcase> <!-- Test3 -->
</testsuite> <!-- Test -->
