<?xml version="1.0" encoding="UTF-8"?>
<!-- Generated by org.testng.reporters.JUnitXMLReporter -->
<testsuite hostname="Ankush" ignored="3" name="dev" tests="5" failures="0" timestamp="01 Mar 2024 16:31:36 GMT" time="0.351" errors="0">
  <testcase name="Car" time="0.009" classname="Test.day3"/>
  <testcase name="login" time="0.026" classname="Test.day3"/>
  <testcase name="logins" time="0.159" classname="Test.day3"/>
  <testcase name="regression" time="0.008" classname="Test.day3"/>
  <testcase name="loginHome" time="0.002" classname="Test.day3"/>
  <testcase name="WebloginMobile" time="0.0" classname="Test.day3">
    <ignored/>
  </testcase> <!-- WebloginMobile -->
  <testcase name="Case" time="0.0" classname="Test.day3">
    <ignored/>
  </testcase> <!-- Case -->
  <testcase name="WebloginCarLoan" time="0.0" classname="Test.day3">
    <ignored/>
  </testcase> <!-- WebloginCarLoan -->
</testsuite> <!-- dev -->
