<?xml version="1.0" encoding="UTF-8"?>
<!-- Generated by org.testng.reporters.JUnitXMLReporter -->
<testsuite hostname="Ankush" ignored="3" name="regression test cases" tests="3" failures="0" timestamp="27 Feb 2024 16:43:07 GMT" time="0.085" errors="0">
  <testcase name="login" time="0.003" classname="Test.day3"/>
  <testcase name="loginHome" time="0.008" classname="Test.day3"/>
  <testcase name="regression" time="0.002" classname="Test.day3"/>
  <testcase name="WebloginMobile" time="0.0" classname="Test.day3">
    <ignored/>
  </testcase> <!-- WebloginMobile -->
  <testcase name="WebCar" time="0.0" classname="Test.day3">
    <ignored/>
  </testcase> <!-- WebCar -->
  <testcase name="WebloginCarLoan" time="0.0" classname="Test.day3">
    <ignored/>
  </testcase> <!-- WebloginCarLoan -->
</testsuite> <!-- regression test cases -->
