<?xml version="1.0" encoding="UTF-8"?>
<!-- Generated by org.testng.reporters.JUnitXMLReporter -->
<testsuite hostname="Ankush" ignored="3" tests="0" failures="0" timestamp="03 Mar 2024 04:55:08 GMT" time="0.017" errors="0">
  <testcase name="WebloginMobile" time="0.0" classname="Test.day3">
    <ignored/>
  </testcase> <!-- WebloginMobile -->
  <testcase name="WebloginMobileLogin" time="0.0" classname="Test.day3">
    <ignored/>
  </testcase> <!-- WebloginMobileLogin -->
  <testcase name="WebloginCarLoan" time="0.0" classname="Test.day3">
    <ignored/>
  </testcase> <!-- WebloginCarLoan -->
</testsuite>
