<?xml version="1.0" encoding="UTF-8"?>
<!-- Generated by org.testng.reporters.JUnitXMLReporter -->
<testsuite hostname="Ankush" ignored="3" name="Web Loan" tests="3" failures="0" timestamp="29 Feb 2024 16:22:29 GMT" time="0.303" errors="0">
  <testcase name="login" time="0.057" classname="Test.day3"/>
  <testcase name="Case" time="0.013" classname="Test.day3"/>
  <testcase name="logins" time="0.008" classname="Test.day3"/>
  <testcase name="WebloginMobile" time="0.0" classname="Test.day3">
    <ignored/>
  </testcase> <!-- WebloginMobile -->
  <testcase name="WebCar" time="0.0" classname="Test.day3">
    <ignored/>
  </testcase> <!-- WebCar -->
  <testcase name="WebloginCarLoan" time="0.0" classname="Test.day3">
    <ignored/>
  </testcase> <!-- WebloginCarLoan -->
</testsuite> <!-- Web Loan -->
