<?xml version="1.0" encoding="UTF-8"?>
<testng-results skipped="0" failed="0" ignored="0" total="2" passed="2">
  <reporter-output>
  </reporter-output>
  <suite name="Default suite" duration-ms="198" started-at="2024-03-08T12:38:57Z" finished-at="2024-03-08T12:38:57Z">
    <groups>
    </groups>
    <test name="Default test" duration-ms="198" started-at="2024-03-08T12:38:57Z" finished-at="2024-03-08T12:38:57Z">
      <class name="Test.PS1">
        <test-method status="PASS" signature="m5()[pri:0, instance:Test.PS1@548b7f67]" name="m5" is-config="true" duration-ms="29" started-at="2024-03-08T18:08:57Z" finished-at="2024-03-08T18:08:57Z">
          <reporter-output>
          </reporter-output>
        </test-method> <!-- m5 -->
        <test-method status="PASS" signature="m1()[pri:0, instance:Test.PS1@548b7f67]" name="m1" duration-ms="29" started-at="2024-03-08T18:08:57Z" finished-at="2024-03-08T18:08:57Z">
          <reporter-output>
          </reporter-output>
        </test-method> <!-- m1 -->
        <test-method status="PASS" signature="m8()[pri:0, instance:Test.PS1@548b7f67]" name="m8" is-config="true" duration-ms="2" started-at="2024-03-08T18:08:57Z" finished-at="2024-03-08T18:08:57Z">
          <reporter-output>
          </reporter-output>
        </test-method> <!-- m8 -->
        <test-method status="PASS" signature="m5()[pri:0, instance:Test.PS1@548b7f67]" name="m5" is-config="true" duration-ms="2" started-at="2024-03-08T18:08:57Z" finished-at="2024-03-08T18:08:57Z">
          <reporter-output>
          </reporter-output>
        </test-method> <!-- m5 -->
        <test-method status="PASS" signature="m2()[pri:0, instance:Test.PS1@548b7f67]" name="m2" duration-ms="12" started-at="2024-03-08T18:08:57Z" finished-at="2024-03-08T18:08:57Z">
          <reporter-output>
          </reporter-output>
        </test-method> <!-- m2 -->
        <test-method status="PASS" signature="m8()[pri:0, instance:Test.PS1@548b7f67]" name="m8" is-config="true" duration-ms="7" started-at="2024-03-08T18:08:57Z" finished-at="2024-03-08T18:08:57Z">
          <reporter-output>
          </reporter-output>
        </test-method> <!-- m8 -->
      </class> <!-- Test.PS1 -->
    </test> <!-- Default test -->
  </suite> <!-- Default suite -->
</testng-results>
